Setting log file to result/log/copt_1006.log
Setting parameter 'Logging' to 1
Model fingerprint: a55c37b7

Using Cardinal Optimizer v7.0.6 on Windows
Hardware has 8 cores and 16 threads. Using instruction set X86_AVX2 (10)
Maximizing a MIP problem

The original problem has:
    3431 rows, 3834 columns and 13588 non-zero elements
    216 binaries

Presolving the problem

The presolved problem has:
    2197 rows, 554 columns and 8974 non-zero elements
    134 binaries

Starting the MIP solver with 16 threads and 32 tasks

     Nodes    Active  LPit/n  IntInf     BestBound  BestSolution    Gap   Time
         0         1      --       0  5.732031e+04            --    Inf  0.08s
H        0         1      --       0  5.732031e+04  7.000000e+02  98.8%  0.09s
         0         1      --      59  2.669429e+04  7.000000e+02  97.4%  0.13s
H        0         1      --      59  2.669429e+04  1.342899e+04  49.7%  0.17s
H        0         1      --      59  2.669429e+04  1.791332e+04  32.9%  0.17s
         0         1      --      60  2.651559e+04  1.791332e+04  32.4%  0.19s
         0         1      --      51  2.648978e+04  1.791332e+04  32.4%  0.20s
         0         1      --      60  2.646854e+04  1.791332e+04  32.3%  0.21s
         0         1      --      58  2.641869e+04  1.791332e+04  32.2%  0.21s
         0         1      --      57  2.637333e+04  1.791332e+04  32.1%  0.22s
         0         1      --      56  2.636219e+04  1.791332e+04  32.0%  0.22s
         0         1      --      56  2.635943e+04  1.791332e+04  32.0%  0.23s
         0         1      --      57  2.635932e+04  1.791332e+04  32.0%  0.23s
         0         1      --      57  2.635932e+04  1.791332e+04  32.0%  0.24s
         0         1      --      57  2.635675e+04  1.791332e+04  32.0%  0.24s

     Nodes    Active  LPit/n  IntInf     BestBound  BestSolution    Gap   Time
         0         1      --      56  2.635478e+04  1.791332e+04  32.0%  0.25s
         0         1      --      56  2.634987e+04  1.791332e+04  32.0%  0.25s
         0         1      --      60  2.634620e+04  1.791332e+04  32.0%  0.26s
         0         1      --      60  2.634587e+04  1.791332e+04  32.0%  0.26s
         0         1      --      60  2.634473e+04  1.791332e+04  32.0%  0.27s
         0         1      --      59  2.634410e+04  1.791332e+04  32.0%  0.27s
         0         1      --      61  2.634410e+04  1.791332e+04  32.0%  0.28s
         0         1      --      61  2.634398e+04  1.791332e+04  32.0%  0.28s
         0         1      --      63  2.634395e+04  1.791332e+04  32.0%  0.29s
         0         1      --      63  2.634395e+04  1.791332e+04  32.0%  0.29s
         0         1      --      63  2.634395e+04  1.791332e+04  32.0%  0.30s
H        0         1      --      63  2.634395e+04  1.959863e+04  25.6%  0.31s
H        0         0      --      63  2.629180e+04  2.355329e+04  10.4%  0.48s
         1         2   541.0      63  2.629180e+04  2.355329e+04  10.4%  0.48s
         2         2   317.0      57  2.625924e+04  2.355329e+04  10.3%  0.50s

     Nodes    Active  LPit/n  IntInf     BestBound  BestSolution    Gap   Time
         3         4   281.7      59  2.625924e+04  2.355329e+04  10.3%  0.50s
         4         2   220.5      54  2.623421e+04  2.355329e+04  10.2%  0.52s
         5         4   193.2      62  2.623421e+04  2.355329e+04  10.2%  0.52s
         6         6   175.0      55  2.623421e+04  2.355329e+04  10.2%  0.52s
         7         8   178.3      53  2.623421e+04  2.355329e+04  10.2%  0.52s
         8         2   169.3      53  2.616329e+04  2.355329e+04  9.98%  0.55s
         9         4   160.9      55  2.616329e+04  2.355329e+04  9.98%  0.55s
        10         6   150.3      54  2.616329e+04  2.355329e+04  9.98%  0.55s
        20        10   118.3      59  2.614722e+04  2.355329e+04  9.92%  0.59s
        30        30   105.3      53  2.614722e+04  2.355329e+04  9.92%  0.59s
        40        18   110.2      58  2.614293e+04  2.355329e+04  9.91%  0.64s
        50        38   103.0      45  2.614293e+04  2.355329e+04  9.91%  0.64s
        60        58    99.3      52  2.614293e+04  2.355329e+04  9.91%  0.64s
        70        46    90.1      40  2.614293e+04  2.355329e+04  9.91%  0.65s
        80        66    87.7      54  2.614293e+04  2.355329e+04  9.91%  0.65s

     Nodes    Active  LPit/n  IntInf     BestBound  BestSolution    Gap   Time
        90        86    83.6      46  2.614293e+04  2.355329e+04  9.91%  0.65s
       100        74    79.7      50  2.613602e+04  2.355329e+04  9.88%  0.66s
       110        94    76.5      42  2.613602e+04  2.355329e+04  9.88%  0.66s
       120       114    74.0      45  2.613602e+04  2.355329e+04  9.88%  0.66s
       130       102    71.7      48  2.613602e+04  2.355329e+04  9.88%  0.69s
       140       122    69.5      40  2.613602e+04  2.355329e+04  9.88%  0.69s
       150       142    66.9      41  2.613602e+04  2.355329e+04  9.88%  0.69s
       160       130    65.5      46  2.613602e+04  2.355329e+04  9.88%  0.72s
       170       150    64.2      42  2.613602e+04  2.355329e+04  9.88%  0.72s
       180       170    62.6      44  2.613602e+04  2.355329e+04  9.88%  0.72s
H      182       172    62.2      43  2.613602e+04  2.392791e+04  8.45%  0.72s
       190       190    61.7      42  2.613602e+04  2.392791e+04  8.45%  0.72s
       200       178    61.8      44  2.600930e+04  2.392791e+04  8.00%  0.76s
       300       282    58.0      41  2.600032e+04  2.392791e+04  7.97%  0.85s
       400       386    54.5      41  2.596640e+04  2.392791e+04  7.85%  0.98s

     Nodes    Active  LPit/n  IntInf     BestBound  BestSolution    Gap   Time
H      456       432    53.8      28  2.595493e+04  2.397875e+04  7.61%  1.02s
       500       490    54.0      22  2.595237e+04  2.397875e+04  7.60%  1.04s
H      543         0    54.7      63  2.595237e+04  2.398550e+04  7.58%  1.38s
       600        52    58.6      57  2.589351e+04  2.398550e+04  7.37%  1.56s
       700       156    58.8      54  2.589351e+04  2.398550e+04  7.37%  1.61s
H      740       170    58.5      44  2.588363e+04  2.428892e+04  6.16%  2.07s
H      758       206    58.9      46  2.588363e+04  2.452886e+04  5.23%  2.08s
       800       228    59.0      51  2.584902e+04  2.452886e+04  5.11%  2.15s
       900       330    58.7      56  2.578872e+04  2.452886e+04  4.89%  2.25s
      1000       434    59.9      44  2.572555e+04  2.452886e+04  4.65%  2.45s
      1100       536    58.2      25  2.571141e+04  2.452886e+04  4.60%  2.54s
      1200       639    57.2      31  2.568362e+04  2.452886e+04  4.50%  2.60s
H     1237       677    57.0      23  2.568362e+04  2.454143e+04  4.45%  3.07s
      1300       736    56.0      26  2.566528e+04  2.454143e+04  4.38%  3.09s
      1400       818    54.4      19  2.566075e+04  2.454143e+04  4.36%  3.23s

     Nodes    Active  LPit/n  IntInf     BestBound  BestSolution    Gap   Time
      1500       910    53.3      34  2.565038e+04  2.454143e+04  4.32%  3.41s
      1600       972    52.9      31  2.564255e+04  2.454143e+04  4.29%  3.54s
H     1698      1062    52.2      30  2.563992e+04  2.454227e+04  4.28%  3.66s
      1700      1068    52.3      32  2.563992e+04  2.454227e+04  4.28%  3.66s
H     1714      1094    52.2      28  2.563992e+04  2.464617e+04  3.88%  3.66s
H     1762      1110    52.1      27  2.563628e+04  2.466023e+04  3.81%  3.71s
      1800      1149    52.0      42  2.563281e+04  2.466023e+04  3.79%  3.74s
      1900      1245    51.6      21  2.562867e+04  2.466023e+04  3.78%  3.81s
      2000      1337    51.0      16  2.562013e+04  2.466023e+04  3.75%  3.89s
H     2701      1841    46.8      19  2.558573e+04  2.494622e+04  2.50%  4.37s
      3000      1479    45.6      33  2.558484e+04  2.494622e+04  2.50%  4.58s
      4000      1905    43.0      44  2.553629e+04  2.494622e+04  2.31%  5.19s
      5000       295    43.9      28  2.551382e+04  2.494622e+04  2.22%  6.37s
      6000       839    43.8      33  2.551382e+04  2.494622e+04  2.22%  6.91s
      7000      1058    41.0      19  2.550399e+04  2.494622e+04  2.19%  7.41s

     Nodes    Active  LPit/n  IntInf     BestBound  BestSolution    Gap   Time
      8000      1429    40.3      21  2.547789e+04  2.494622e+04  2.09%  7.92s
      9000      1686    39.3      36  2.545157e+04  2.494622e+04  1.99%  8.38s
     10000      2219    39.3      14  2.543901e+04  2.494622e+04  1.94%  8.99s
     11000      2553    38.8      21  2.541768e+04  2.494622e+04  1.85%  9.55s
     12000      2962    38.6      18  2.539211e+04  2.494622e+04  1.76% 10.21s
     13000      3296    38.2      15  2.538048e+04  2.494622e+04  1.71% 10.74s
     14000      3616    37.7      29  2.536830e+04  2.494622e+04  1.66% 11.23s
     15000      3978    37.3      25  2.536192e+04  2.494622e+04  1.64% 11.65s
     16000      4268    36.8      26  2.535161e+04  2.494622e+04  1.60% 12.06s
     17000      4576    36.4      23  2.534393e+04  2.494622e+04  1.57% 12.50s
     18000      4856    36.1      38  2.533482e+04  2.494622e+04  1.53% 12.93s
     19000      5039    35.6      22  2.532527e+04  2.494622e+04  1.50% 13.39s
     20000      5196    35.1      32  2.531490e+04  2.494622e+04  1.46% 13.87s
     30000      7161    31.3      17  2.526169e+04  2.494622e+04  1.25% 18.18s
     40000      8044    28.9      28  2.522593e+04  2.494622e+04  1.11% 22.59s

     Nodes    Active  LPit/n  IntInf     BestBound  BestSolution    Gap   Time
     50000      8054    27.7      20  2.519921e+04  2.494622e+04  1.00% 28.01s
     60000      7954    26.9      14  2.517746e+04  2.494622e+04  0.92% 33.59s
*    63088      7904    26.6       0  2.517026e+04  2.495599e+04  0.85% 35.02s
     70000      6727    25.6      25  2.514735e+04  2.495599e+04  0.76% 38.57s
     80000      5103    24.6      26  2.512090e+04  2.495599e+04  0.66% 42.90s
     90000      3109    23.6      34  2.509092e+04  2.495599e+04  0.54% 47.22s
    100000       726    22.8      29  2.504320e+04  2.495599e+04  0.35% 51.13s
    101944         0    22.6      22  2.495599e+04  2.495599e+04  0.00% 51.91s

Best solution   : 24955.992949937
Best bound      : 24955.992949937
Best gap        : 0.0000%
Solve time      : 51.91
Solve node      : 101944
MIP status      : solved
Solution status : integer optimal (relative gap limit 0)

Violations      :     absolute     relative
  bounds        :  1.31006e-14  1.31006e-14
  rows          :  1.29319e-12  5.68434e-14
  integrality   :            0
